UERANSIM v3.2.8
[2026-04-22 10:30:40.557] [nas] [info] UE switches to state [MM-DEREGISTERED/PLMN-SEARCH]
[2026-04-22 10:30:40.558] [rrc] [debug] New signal detected for cell[1], total [1] cells in coverage
[2026-04-22 10:30:40.558] [nas] [info] Selected plmn[001/01]
[2026-04-22 10:30:43.057] [rrc] [info] Selected cell plmn[001/01] tac[1] category[SUITABLE]
[2026-04-22 10:30:43.057] [nas] [info] UE switches to state [MM-DEREGISTERED/PS]
[2026-04-22 10:30:43.057] [nas] [info] UE switches to state [MM-DEREGISTERED/NORMAL-SERVICE]
[2026-04-22 10:30:43.057] [nas] [debug] Initial registration required due to [MM-DEREG-NORMAL-SERVICE]
[2026-04-22 10:30:43.057] [nas] [debug] UAC access attempt is allowed for identity[0], category[MO_sig]
[2026-04-22 10:30:43.057] [nas] [debug] Sending Initial Registration
[2026-04-22 10:30:43.057] [nas] [info] UE switches to state [MM-REGISTER-INITIATED]
[2026-04-22 10:30:43.057] [rrc] [debug] Sending RRC Setup Request
[2026-04-22 10:30:43.058] [rrc] [info] RRC connection established
[2026-04-22 10:30:43.058] [rrc] [info] UE switches to state [RRC-CONNECTED]
[2026-04-22 10:30:43.058] [nas] [info] UE switches to state [CM-CONNECTED]
[2026-04-22 10:30:43.060] [nas] [debug] Authentication Request received
[2026-04-22 10:30:43.060] [nas] [debug] Received SQN [000000000060]
[2026-04-22 10:30:43.060] [nas] [debug] SQN-MS [000000000000]
[2026-04-22 10:30:43.062] [nas] [debug] Security Mode Command received
[2026-04-22 10:30:43.062] [nas] [debug] Selected integrity[2] ciphering[2]
[2026-04-22 10:30:43.066] [nas] [debug] Registration accept received
[2026-04-22 10:30:43.066] [nas] [info] UE switches to state [MM-REGISTERED/NORMAL-SERVICE]
[2026-04-22 10:30:43.066] [nas] [debug] Sending Registration Complete
[2026-04-22 10:30:43.066] [nas] [info] Initial Registration is successful
[2026-04-22 10:30:43.066] [nas] [debug] Sending PDU Session Establishment Request
[2026-04-22 10:30:43.067] [nas] [debug] UAC access attempt is allowed for identity[0], category[MO_sig]
[2026-04-22 10:30:43.277] [nas] [debug] Configuration Update Command received
[2026-04-22 10:30:43.295] [nas] [debug] PDU Session Establishment Accept received
[2026-04-22 10:30:43.295] [nas] [info] PDU Session establishment is successful PSI[1]
[2026-04-22 10:30:43.370] [app] [info] Connection setup for PDU session[1] is successful, TUN interface[uesimtun9, 10.45.0.6] is up.
