UERANSIM v3.2.8
[2026-04-22 10:30:46.629] [nas] [info] UE switches to state [MM-DEREGISTERED/PLMN-SEARCH]
[2026-04-22 10:30:46.631] [rrc] [debug] New signal detected for cell[1], total [1] cells in coverage
[2026-04-22 10:30:46.632] [nas] [info] Selected plmn[001/01]
[2026-04-22 10:30:46.633] [rrc] [info] Selected cell plmn[001/01] tac[1] category[SUITABLE]
[2026-04-22 10:30:46.634] [nas] [info] UE switches to state [MM-DEREGISTERED/PS]
[2026-04-22 10:30:46.634] [nas] [info] UE switches to state [MM-DEREGISTERED/NORMAL-SERVICE]
[2026-04-22 10:30:46.634] [nas] [debug] Initial registration required due to [MM-DEREG-NORMAL-SERVICE]
[2026-04-22 10:30:46.634] [nas] [debug] UAC access attempt is allowed for identity[0], category[MO_sig]
[2026-04-22 10:30:46.634] [nas] [debug] Sending Initial Registration
[2026-04-22 10:30:46.634] [nas] [info] UE switches to state [MM-REGISTER-INITIATED]
[2026-04-22 10:30:46.634] [rrc] [debug] Sending RRC Setup Request
[2026-04-22 10:30:46.634] [rrc] [info] RRC connection established
[2026-04-22 10:30:46.634] [rrc] [info] UE switches to state [RRC-CONNECTED]
[2026-04-22 10:30:46.635] [nas] [info] UE switches to state [CM-CONNECTED]
[2026-04-22 10:30:46.637] [nas] [debug] Authentication Request received
[2026-04-22 10:30:46.637] [nas] [debug] Received SQN [000000000060]
[2026-04-22 10:30:46.637] [nas] [debug] SQN-MS [000000000000]
[2026-04-22 10:30:46.640] [nas] [debug] Security Mode Command received
[2026-04-22 10:30:46.640] [nas] [debug] Selected integrity[2] ciphering[2]
[2026-04-22 10:30:46.644] [nas] [debug] Registration accept received
[2026-04-22 10:30:46.644] [nas] [info] UE switches to state [MM-REGISTERED/NORMAL-SERVICE]
[2026-04-22 10:30:46.644] [nas] [debug] Sending Registration Complete
[2026-04-22 10:30:46.644] [nas] [info] Initial Registration is successful
[2026-04-22 10:30:46.644] [nas] [debug] Sending PDU Session Establishment Request
[2026-04-22 10:30:46.644] [nas] [debug] UAC access attempt is allowed for identity[0], category[MO_sig]
[2026-04-22 10:30:46.850] [nas] [debug] Configuration Update Command received
[2026-04-22 10:30:46.854] [nas] [debug] PDU Session Establishment Accept received
[2026-04-22 10:30:46.855] [nas] [info] PDU Session establishment is successful PSI[1]
[2026-04-22 10:30:46.939] [app] [info] Connection setup for PDU session[1] is successful, TUN interface[uesimtun17, 10.45.0.18] is up.
