UERANSIM v3.2.8
[2026-04-22 10:30:47.648] [nas] [info] UE switches to state [MM-DEREGISTERED/PLMN-SEARCH]
[2026-04-22 10:30:47.650] [rrc] [debug] New signal detected for cell[1], total [1] cells in coverage
[2026-04-22 10:30:47.651] [nas] [info] Selected plmn[001/01]
[2026-04-22 10:30:47.651] [rrc] [warning] Suitable cell selection failed in [1] cells. [0] out of PLMN, [1] no SI, [0] reserved, [0] barred, ftai [0]
[2026-04-22 10:30:47.651] [rrc] [warning] Acceptable cell selection failed in [1] cells. [1] no SI, [0] reserved, [0] barred, ftai [0]
[2026-04-22 10:30:47.651] [rrc] [error] Cell selection failure, no suitable or acceptable cell found
[2026-04-22 10:30:50.149] [rrc] [info] Selected cell plmn[001/01] tac[1] category[SUITABLE]
[2026-04-22 10:30:50.149] [nas] [info] UE switches to state [MM-DEREGISTERED/PS]
[2026-04-22 10:30:50.149] [nas] [info] UE switches to state [MM-DEREGISTERED/NORMAL-SERVICE]
[2026-04-22 10:30:50.149] [nas] [debug] Initial registration required due to [MM-DEREG-NORMAL-SERVICE]
[2026-04-22 10:30:50.150] [nas] [debug] UAC access attempt is allowed for identity[0], category[MO_sig]
[2026-04-22 10:30:50.150] [nas] [debug] Sending Initial Registration
[2026-04-22 10:30:50.150] [nas] [info] UE switches to state [MM-REGISTER-INITIATED]
[2026-04-22 10:30:50.150] [rrc] [debug] Sending RRC Setup Request
[2026-04-22 10:30:50.151] [rrc] [info] RRC connection established
[2026-04-22 10:30:50.151] [rrc] [info] UE switches to state [RRC-CONNECTED]
[2026-04-22 10:30:50.151] [nas] [info] UE switches to state [CM-CONNECTED]
[2026-04-22 10:30:50.154] [nas] [debug] Authentication Request received
[2026-04-22 10:30:50.155] [nas] [debug] Received SQN [000000000060]
[2026-04-22 10:30:50.155] [nas] [debug] SQN-MS [000000000000]
[2026-04-22 10:30:50.159] [nas] [debug] Security Mode Command received
[2026-04-22 10:30:50.159] [nas] [debug] Selected integrity[2] ciphering[2]
[2026-04-22 10:30:50.166] [nas] [debug] Registration accept received
[2026-04-22 10:30:50.166] [nas] [info] UE switches to state [MM-REGISTERED/NORMAL-SERVICE]
[2026-04-22 10:30:50.166] [nas] [debug] Sending Registration Complete
[2026-04-22 10:30:50.166] [nas] [info] Initial Registration is successful
[2026-04-22 10:30:50.166] [nas] [debug] Sending PDU Session Establishment Request
[2026-04-22 10:30:50.171] [nas] [debug] UAC access attempt is allowed for identity[0], category[MO_sig]
[2026-04-22 10:30:50.370] [nas] [debug] Configuration Update Command received
[2026-04-22 10:30:50.374] [nas] [debug] PDU Session Establishment Accept received
[2026-04-22 10:30:50.374] [nas] [info] PDU Session establishment is successful PSI[1]
[2026-04-22 10:30:50.475] [app] [info] Connection setup for PDU session[1] is successful, TUN interface[uesimtun22, 10.45.0.20] is up.
